<?xml version="1.0" encoding="UTF-8"?>
<coverage generated="1725642630631" clover="3.2.0">
  <project timestamp="1725642630631" name="All files">
    <metrics statements="55" coveredstatements="27" conditionals="31" coveredconditionals="13" methods="28" coveredmethods="5" elements="114" coveredelements="45" complexity="0" loc="55" ncloc="55" packages="1" files="1" classes="1"/>
    <file name="index.js" path="C:\Users\Emre Sen\Desktop\projekt neu versucht\src\index.js">
      <metrics statements="55" coveredstatements="27" conditionals="31" coveredconditionals="13" methods="28" coveredmethods="5"/>
      <line num="6" count="1" type="stmt"/>
      <line num="8" count="1" type="stmt"/>
      <line num="9" count="1" type="stmt"/>
      <line num="10" count="1" type="stmt"/>
      <line num="11" count="1" type="stmt"/>
      <line num="14" count="1" type="stmt"/>
      <line num="29" count="0" type="stmt"/>
      <line num="31" count="0" type="stmt"/>
      <line num="38" count="0" type="stmt"/>
      <line num="39" count="0" type="stmt"/>
      <line num="46" count="0" type="stmt"/>
      <line num="52" count="0" type="stmt"/>
      <line num="59" count="0" type="stmt"/>
      <line num="63" count="0" type="stmt"/>
      <line num="70" count="0" type="cond" truecount="0" falsecount="2"/>
      <line num="71" count="0" type="stmt"/>
      <line num="73" count="0" type="stmt"/>
      <line num="78" count="0" type="stmt"/>
      <line num="83" count="0" type="stmt"/>
      <line num="89" count="0" type="stmt"/>
      <line num="93" count="0" type="stmt"/>
      <line num="100" count="0" type="stmt"/>
      <line num="101" count="0" type="stmt"/>
      <line num="102" count="0" type="stmt"/>
      <line num="107" count="0" type="stmt"/>
      <line num="113" count="0" type="stmt"/>
      <line num="117" count="0" type="stmt"/>
      <line num="121" count="0" type="stmt"/>
      <line num="130" count="0" type="stmt"/>
      <line num="131" count="0" type="cond" truecount="0" falsecount="4"/>
      <line num="132" count="0" type="cond" truecount="0" falsecount="2"/>
      <line num="133" count="0" type="stmt"/>
      <line num="135" count="0" type="stmt"/>
      <line num="142" count="10" type="cond" truecount="10" falsecount="1"/>
      <line num="144" count="1" type="stmt"/>
      <line num="153" count="1" type="stmt"/>
      <line num="160" count="1" type="stmt"/>
      <line num="166" count="1" type="stmt"/>
      <line num="173" count="1" type="stmt"/>
      <line num="176" count="1" type="stmt"/>
      <line num="179" count="1" type="stmt"/>
      <line num="187" count="1" type="stmt"/>
      <line num="188" count="1" type="cond" truecount="1" falsecount="1"/>
      <line num="192" count="1" type="stmt"/>
      <line num="199" count="1" type="stmt"/>
      <line num="201" count="1" type="stmt"/>
      <line num="205" count="1" type="stmt"/>
      <line num="206" count="1" type="cond" truecount="1" falsecount="1"/>
      <line num="208" count="1" type="stmt"/>
      <line num="211" count="1" type="stmt"/>
      <line num="212" count="1" type="cond" truecount="1" falsecount="1"/>
      <line num="216" count="1" type="stmt"/>
      <line num="222" count="0" type="stmt"/>
      <line num="227" count="1" type="stmt"/>
      <line num="236" count="1" type="stmt"/>
    </file>
  </project>
</coverage>
