{"C:\\Users\\Emre Sen\\Desktop\\projekt neu versucht\\src\\index.js": {"path":"C:\\Users\\Emre Sen\\Desktop\\projekt neu versucht\\src\\index.js","statementMap":{"0":{"start":{"line":6,"column":47},"end":{"line":6,"column":52}},"1":{"start":{"line":8,"column":17},"end":{"line":8,"column":87}},"2":{"start":{"line":9,"column":18},"end":{"line":9,"column":86}},"3":{"start":{"line":10,"column":23},"end":{"line":10,"column":79}},"4":{"start":{"line":11,"column":22},"end":{"line":11,"column":82}},"5":{"start":{"line":14,"column":13},"end":{"line":25,"column":1}},"6":{"start":{"line":29,"column":2},"end":{"line":41,"column":5}},"7":{"start":{"line":31,"column":61},"end":{"line":31,"column":85}},"8":{"start":{"line":38,"column":24},"end":{"line":38,"column":45}},"9":{"start":{"line":39,"column":30},"end":{"line":39,"column":74}},"10":{"start":{"line":46,"column":2},"end":{"line":65,"column":5}},"11":{"start":{"line":46,"column":67},"end":{"line":46,"column":99}},"12":{"start":{"line":52,"column":22},"end":{"line":52,"column":85}},"13":{"start":{"line":59,"column":22},"end":{"line":59,"column":83}},"14":{"start":{"line":63,"column":113},"end":{"line":63,"column":138}},"15":{"start":{"line":70,"column":2},"end":{"line":72,"column":3}},"16":{"start":{"line":71,"column":4},"end":{"line":71,"column":48}},"17":{"start":{"line":73,"column":2},"end":{"line":73,"column":45}},"18":{"start":{"line":78,"column":2},"end":{"line":95,"column":5}},"19":{"start":{"line":78,"column":59},"end":{"line":78,"column":91}},"20":{"start":{"line":83,"column":22},"end":{"line":83,"column":85}},"21":{"start":{"line":89,"column":22},"end":{"line":89,"column":83}},"22":{"start":{"line":93,"column":113},"end":{"line":93,"column":138}},"23":{"start":{"line":100,"column":2},"end":{"line":125,"column":5}},"24":{"start":{"line":101,"column":65},"end":{"line":101,"column":108}},"25":{"start":{"line":102,"column":66},"end":{"line":102,"column":113}},"26":{"start":{"line":107,"column":21},"end":{"line":107,"column":66}},"27":{"start":{"line":113,"column":23},"end":{"line":113,"column":79}},"28":{"start":{"line":117,"column":23},"end":{"line":117,"column":79}},"29":{"start":{"line":121,"column":23},"end":{"line":121,"column":79}},"30":{"start":{"line":130,"column":2},"end":{"line":130,"column":21}},"31":{"start":{"line":131,"column":2},"end":{"line":137,"column":3}},"32":{"start":{"line":132,"column":4},"end":{"line":136,"column":5}},"33":{"start":{"line":133,"column":6},"end":{"line":133,"column":41}},"34":{"start":{"line":135,"column":6},"end":{"line":135,"column":40}},"35":{"start":{"line":142,"column":2},"end":{"line":223,"column":3}},"36":{"start":{"line":144,"column":6},"end":{"line":150,"column":8}},"37":{"start":{"line":153,"column":6},"end":{"line":157,"column":8}},"38":{"start":{"line":160,"column":22},"end":{"line":165,"column":7}},"39":{"start":{"line":166,"column":6},"end":{"line":170,"column":8}},"40":{"start":{"line":173,"column":6},"end":{"line":173,"column":50}},"41":{"start":{"line":176,"column":6},"end":{"line":176,"column":48}},"42":{"start":{"line":179,"column":6},"end":{"line":184,"column":8}},"43":{"start":{"line":187,"column":27},"end":{"line":191,"column":7}},"44":{"start":{"line":188,"column":8},"end":{"line":190,"column":16}},"45":{"start":{"line":192,"column":6},"end":{"line":196,"column":8}},"46":{"start":{"line":199,"column":6},"end":{"line":202,"column":8}},"47":{"start":{"line":201,"column":44},"end":{"line":201,"column":59}},"48":{"start":{"line":205,"column":37},"end":{"line":207,"column":7}},"49":{"start":{"line":206,"column":8},"end":{"line":206,"column":74}},"50":{"start":{"line":208,"column":6},"end":{"line":208,"column":57}},"51":{"start":{"line":211,"column":38},"end":{"line":215,"column":7}},"52":{"start":{"line":212,"column":8},"end":{"line":214,"column":16}},"53":{"start":{"line":216,"column":6},"end":{"line":219,"column":8}},"54":{"start":{"line":222,"column":6},"end":{"line":222,"column":19}},"55":{"start":{"line":227,"column":18},"end":{"line":233,"column":1}},"56":{"start":{"line":236,"column":0},"end":{"line":236,"column":45}}},"fnMap":{"0":{"name":"view","decl":{"start":{"line":28,"column":9},"end":{"line":28,"column":13}},"loc":{"start":{"line":28,"column":31},"end":{"line":42,"column":1}},"line":28},"1":{"name":"(anonymous_1)","decl":{"start":{"line":31,"column":55},"end":{"line":31,"column":56}},"loc":{"start":{"line":31,"column":61},"end":{"line":31,"column":85}},"line":31},"2":{"name":"(anonymous_2)","decl":{"start":{"line":38,"column":14},"end":{"line":38,"column":15}},"loc":{"start":{"line":38,"column":24},"end":{"line":38,"column":45}},"line":38},"3":{"name":"(anonymous_3)","decl":{"start":{"line":39,"column":13},"end":{"line":39,"column":14}},"loc":{"start":{"line":39,"column":30},"end":{"line":39,"column":74}},"line":39},"4":{"name":"addCardForm","decl":{"start":{"line":45,"column":9},"end":{"line":45,"column":20}},"loc":{"start":{"line":45,"column":38},"end":{"line":66,"column":1}},"line":45},"5":{"name":"(anonymous_5)","decl":{"start":{"line":46,"column":60},"end":{"line":46,"column":61}},"loc":{"start":{"line":46,"column":67},"end":{"line":46,"column":99}},"line":46},"6":{"name":"(anonymous_6)","decl":{"start":{"line":52,"column":15},"end":{"line":52,"column":16}},"loc":{"start":{"line":52,"column":22},"end":{"line":52,"column":85}},"line":52},"7":{"name":"(anonymous_7)","decl":{"start":{"line":59,"column":15},"end":{"line":59,"column":16}},"loc":{"start":{"line":59,"column":22},"end":{"line":59,"column":83}},"line":59},"8":{"name":"(anonymous_8)","decl":{"start":{"line":63,"column":107},"end":{"line":63,"column":108}},"loc":{"start":{"line":63,"column":113},"end":{"line":63,"column":138}},"line":63},"9":{"name":"cardFormOrView","decl":{"start":{"line":69,"column":9},"end":{"line":69,"column":23}},"loc":{"start":{"line":69,"column":54},"end":{"line":74,"column":1}},"line":69},"10":{"name":"editCardForm","decl":{"start":{"line":77,"column":9},"end":{"line":77,"column":21}},"loc":{"start":{"line":77,"column":46},"end":{"line":96,"column":1}},"line":77},"11":{"name":"(anonymous_11)","decl":{"start":{"line":78,"column":52},"end":{"line":78,"column":53}},"loc":{"start":{"line":78,"column":59},"end":{"line":78,"column":91}},"line":78},"12":{"name":"(anonymous_12)","decl":{"start":{"line":83,"column":15},"end":{"line":83,"column":16}},"loc":{"start":{"line":83,"column":22},"end":{"line":83,"column":85}},"line":83},"13":{"name":"(anonymous_13)","decl":{"start":{"line":89,"column":15},"end":{"line":89,"column":16}},"loc":{"start":{"line":89,"column":22},"end":{"line":89,"column":83}},"line":89},"14":{"name":"(anonymous_14)","decl":{"start":{"line":93,"column":107},"end":{"line":93,"column":108}},"loc":{"start":{"line":93,"column":113},"end":{"line":93,"column":138}},"line":93},"15":{"name":"seeCardStyle","decl":{"start":{"line":99,"column":9},"end":{"line":99,"column":21}},"loc":{"start":{"line":99,"column":45},"end":{"line":126,"column":1}},"line":99},"16":{"name":"(anonymous_16)","decl":{"start":{"line":101,"column":59},"end":{"line":101,"column":60}},"loc":{"start":{"line":101,"column":65},"end":{"line":101,"column":108}},"line":101},"17":{"name":"(anonymous_17)","decl":{"start":{"line":102,"column":60},"end":{"line":102,"column":61}},"loc":{"start":{"line":102,"column":66},"end":{"line":102,"column":113}},"line":102},"18":{"name":"(anonymous_18)","decl":{"start":{"line":107,"column":15},"end":{"line":107,"column":16}},"loc":{"start":{"line":107,"column":21},"end":{"line":107,"column":66}},"line":107},"19":{"name":"(anonymous_19)","decl":{"start":{"line":113,"column":17},"end":{"line":113,"column":18}},"loc":{"start":{"line":113,"column":23},"end":{"line":113,"column":79}},"line":113},"20":{"name":"(anonymous_20)","decl":{"start":{"line":117,"column":17},"end":{"line":117,"column":18}},"loc":{"start":{"line":117,"column":23},"end":{"line":117,"column":79}},"line":117},"21":{"name":"(anonymous_21)","decl":{"start":{"line":121,"column":17},"end":{"line":121,"column":18}},"loc":{"start":{"line":121,"column":23},"end":{"line":121,"column":79}},"line":121},"22":{"name":"handleSubmit","decl":{"start":{"line":129,"column":9},"end":{"line":129,"column":21}},"loc":{"start":{"line":129,"column":42},"end":{"line":138,"column":1}},"line":129},"23":{"name":"update","decl":{"start":{"line":141,"column":9},"end":{"line":141,"column":15}},"loc":{"start":{"line":141,"column":28},"end":{"line":224,"column":1}},"line":141},"24":{"name":"(anonymous_24)","decl":{"start":{"line":187,"column":43},"end":{"line":187,"column":44}},"loc":{"start":{"line":188,"column":8},"end":{"line":190,"column":16}},"line":188},"25":{"name":"(anonymous_25)","decl":{"start":{"line":201,"column":34},"end":{"line":201,"column":35}},"loc":{"start":{"line":201,"column":44},"end":{"line":201,"column":59}},"line":201},"26":{"name":"(anonymous_26)","decl":{"start":{"line":205,"column":53},"end":{"line":205,"column":54}},"loc":{"start":{"line":206,"column":8},"end":{"line":206,"column":74}},"line":206},"27":{"name":"(anonymous_27)","decl":{"start":{"line":211,"column":54},"end":{"line":211,"column":55}},"loc":{"start":{"line":212,"column":8},"end":{"line":214,"column":16}},"line":212}},"branchMap":{"0":{"loc":{"start":{"line":32,"column":6},"end":{"line":32,"column":58}},"type":"cond-expr","locations":[{"start":{"line":32,"column":23},"end":{"line":32,"column":51}},{"start":{"line":32,"column":54},"end":{"line":32,"column":58}}],"line":32},"1":{"loc":{"start":{"line":70,"column":2},"end":{"line":72,"column":3}},"type":"if","locations":[{"start":{"line":70,"column":2},"end":{"line":72,"column":3}},{"start":{},"end":{}}],"line":70},"2":{"loc":{"start":{"line":108,"column":7},"end":{"line":108,"column":54}},"type":"cond-expr","locations":[{"start":{"line":108,"column":25},"end":{"line":108,"column":38}},{"start":{"line":108,"column":41},"end":{"line":108,"column":54}}],"line":108},"3":{"loc":{"start":{"line":109,"column":4},"end":{"line":109,"column":74}},"type":"cond-expr","locations":[{"start":{"line":109,"column":22},"end":{"line":109,"column":67}},{"start":{"line":109,"column":70},"end":{"line":109,"column":74}}],"line":109},"4":{"loc":{"start":{"line":131,"column":2},"end":{"line":137,"column":3}},"type":"if","locations":[{"start":{"line":131,"column":2},"end":{"line":137,"column":3}},{"start":{},"end":{}}],"line":131},"5":{"loc":{"start":{"line":131,"column":6},"end":{"line":131,"column":42}},"type":"binary-expr","locations":[{"start":{"line":131,"column":6},"end":{"line":131,"column":23}},{"start":{"line":131,"column":27},"end":{"line":131,"column":42}}],"line":131},"6":{"loc":{"start":{"line":132,"column":4},"end":{"line":136,"column":5}},"type":"if","locations":[{"start":{"line":132,"column":4},"end":{"line":136,"column":5}},{"start":{"line":134,"column":11},"end":{"line":136,"column":5}}],"line":132},"7":{"loc":{"start":{"line":142,"column":2},"end":{"line":223,"column":3}},"type":"switch","locations":[{"start":{"line":143,"column":4},"end":{"line":150,"column":8}},{"start":{"line":152,"column":4},"end":{"line":157,"column":8}},{"start":{"line":159,"column":4},"end":{"line":170,"column":8}},{"start":{"line":172,"column":4},"end":{"line":173,"column":50}},{"start":{"line":175,"column":4},"end":{"line":176,"column":48}},{"start":{"line":178,"column":4},"end":{"line":184,"column":8}},{"start":{"line":186,"column":4},"end":{"line":196,"column":8}},{"start":{"line":198,"column":4},"end":{"line":202,"column":8}},{"start":{"line":204,"column":4},"end":{"line":208,"column":57}},{"start":{"line":210,"column":4},"end":{"line":219,"column":8}},{"start":{"line":221,"column":4},"end":{"line":222,"column":19}}],"line":142},"8":{"loc":{"start":{"line":188,"column":8},"end":{"line":190,"column":16}},"type":"cond-expr","locations":[{"start":{"line":189,"column":12},"end":{"line":189,"column":77}},{"start":{"line":190,"column":12},"end":{"line":190,"column":16}}],"line":188},"9":{"loc":{"start":{"line":206,"column":8},"end":{"line":206,"column":74}},"type":"cond-expr","locations":[{"start":{"line":206,"column":26},"end":{"line":206,"column":67}},{"start":{"line":206,"column":70},"end":{"line":206,"column":74}}],"line":206},"10":{"loc":{"start":{"line":212,"column":8},"end":{"line":214,"column":16}},"type":"cond-expr","locations":[{"start":{"line":213,"column":12},"end":{"line":213,"column":43}},{"start":{"line":214,"column":12},"end":{"line":214,"column":16}}],"line":212}},"s":{"0":1,"1":1,"2":1,"3":1,"4":1,"5":1,"6":0,"7":0,"8":0,"9":0,"10":0,"11":0,"12":0,"13":0,"14":0,"15":0,"16":0,"17":0,"18":0,"19":0,"20":0,"21":0,"22":0,"23":0,"24":0,"25":0,"26":0,"27":0,"28":0,"29":0,"30":0,"31":0,"32":0,"33":0,"34":0,"35":10,"36":1,"37":1,"38":1,"39":1,"40":1,"41":1,"42":1,"43":1,"44":1,"45":1,"46":1,"47":1,"48":1,"49":1,"50":1,"51":1,"52":1,"53":1,"54":0,"55":1,"56":1},"f":{"0":0,"1":0,"2":0,"3":0,"4":0,"5":0,"6":0,"7":0,"8":0,"9":0,"10":0,"11":0,"12":0,"13":0,"14":0,"15":0,"16":0,"17":0,"18":0,"19":0,"20":0,"21":0,"22":0,"23":10,"24":1,"25":1,"26":1,"27":1},"b":{"0":[0,0],"1":[0,0],"2":[0,0],"3":[0,0],"4":[0,0],"5":[0,0],"6":[0,0],"7":[1,1,1,1,1,1,1,1,1,1,0],"8":[1,0],"9":[1,0],"10":[1,0]},"_coverageSchema":"1a1c01bbd47fc00a2c39e90264f33305004495a9","hash":"c73231d75c6dc6972884c2644ee47cf9ee3e7556"}
}
