TN:
SF:src\index.js
FN:28,view
FN:31,(anonymous_1)
FN:38,(anonymous_2)
FN:39,(anonymous_3)
FN:45,addCardForm
FN:46,(anonymous_5)
FN:52,(anonymous_6)
FN:59,(anonymous_7)
FN:63,(anonymous_8)
FN:69,cardFormOrView
FN:77,editCardForm
FN:78,(anonymous_11)
FN:83,(anonymous_12)
FN:89,(anonymous_13)
FN:93,(anonymous_14)
FN:99,seeCardStyle
FN:101,(anonymous_16)
FN:102,(anonymous_17)
FN:107,(anonymous_18)
FN:113,(anonymous_19)
FN:117,(anonymous_20)
FN:121,(anonymous_21)
FN:129,handleSubmit
FN:141,update
FN:187,(anonymous_24)
FN:201,(anonymous_25)
FN:205,(anonymous_26)
FN:211,(anonymous_27)
FNF:28
FNH:5
FNDA:0,view
FNDA:0,(anonymous_1)
FNDA:0,(anonymous_2)
FNDA:0,(anonymous_3)
FNDA:0,addCardForm
FNDA:0,(anonymous_5)
FNDA:0,(anonymous_6)
FNDA:0,(anonymous_7)
FNDA:0,(anonymous_8)
FNDA:0,cardFormOrView
FNDA:0,editCardForm
FNDA:0,(anonymous_11)
FNDA:0,(anonymous_12)
FNDA:0,(anonymous_13)
FNDA:0,(anonymous_14)
FNDA:0,seeCardStyle
FNDA:0,(anonymous_16)
FNDA:0,(anonymous_17)
FNDA:0,(anonymous_18)
FNDA:0,(anonymous_19)
FNDA:0,(anonymous_20)
FNDA:0,(anonymous_21)
FNDA:0,handleSubmit
FNDA:10,update
FNDA:1,(anonymous_24)
FNDA:1,(anonymous_25)
FNDA:1,(anonymous_26)
FNDA:1,(anonymous_27)
DA:6,1
DA:8,1
DA:9,1
DA:10,1
DA:11,1
DA:14,1
DA:29,0
DA:31,0
DA:38,0
DA:39,0
DA:46,0
DA:52,0
DA:59,0
DA:63,0
DA:70,0
DA:71,0
DA:73,0
DA:78,0
DA:83,0
DA:89,0
DA:93,0
DA:100,0
DA:101,0
DA:102,0
DA:107,0
DA:113,0
DA:117,0
DA:121,0
DA:130,0
DA:131,0
DA:132,0
DA:133,0
DA:135,0
DA:142,10
DA:144,1
DA:153,1
DA:160,1
DA:166,1
DA:173,1
DA:176,1
DA:179,1
DA:187,1
DA:188,1
DA:192,1
DA:199,1
DA:201,1
DA:205,1
DA:206,1
DA:208,1
DA:211,1
DA:212,1
DA:216,1
DA:222,0
DA:227,1
DA:236,1
LF:55
LH:27
BRDA:32,0,0,0
BRDA:32,0,1,0
BRDA:70,1,0,0
BRDA:70,1,1,0
BRDA:108,2,0,0
BRDA:108,2,1,0
BRDA:109,3,0,0
BRDA:109,3,1,0
BRDA:131,4,0,0
BRDA:131,4,1,0
BRDA:131,5,0,0
BRDA:131,5,1,0
BRDA:132,6,0,0
BRDA:132,6,1,0
BRDA:142,7,0,1
BRDA:142,7,1,1
BRDA:142,7,2,1
BRDA:142,7,3,1
BRDA:142,7,4,1
BRDA:142,7,5,1
BRDA:142,7,6,1
BRDA:142,7,7,1
BRDA:142,7,8,1
BRDA:142,7,9,1
BRDA:142,7,10,0
BRDA:188,8,0,1
BRDA:188,8,1,0
BRDA:206,9,0,1
BRDA:206,9,1,0
BRDA:212,10,0,1
BRDA:212,10,1,0
BRF:31
BRH:13
end_of_record
